<?xml version="1.0" encoding="UTF-8"?>
<!-- Generated by org.testng.reporters.JUnitReportReporter -->
<testsuite hostname="LAPTOP-MSDU1MJT" failures="0" tests="1" name="com.testautomation.asserj.AsserCustomClassTest" time="0.037" errors="0" timestamp="2022-07-11T12:42:32 CDT" skipped="0">
  <testcase classname="com.testautomation.asserj.AsserCustomClassTest" name="customClassTest" time="0.037"/>
  <system-out/>
</testsuite> <!-- com.testautomation.asserj.AsserCustomClassTest -->
